<?xml version="1.0" encoding="UTF-8"?>
<!-- Generated by org.testng.reporters.JUnitReportReporter -->
<testsuite hostname="DESKTOP-3TDHDK4" failures="0" tests="2" name="testpackage.TestA" time="12.846" errors="0" timestamp="2022-05-29T16:10:32 PDT" skipped="0">
  <testcase classname="testpackage.TestA" name="TestB" time="7.227"/>
  <system-out/>
  <testcase classname="testpackage.TestA" name="TestA" time="5.619"/>
  <system-out/>
</testsuite> <!-- testpackage.TestA -->
